Analysis & Synthesis report for CPUdiseno
Fri May 12 17:51:03 2017
Quartus II 32-bit Version 12.1 Build 243 01/31/2013 Service Pack 1 SJ Web Edition


---------------------
; Table of Contents ;
---------------------
  1. Legal Notice
  2. Analysis & Synthesis Summary
  3. Analysis & Synthesis Settings
  4. Parallel Compilation
  5. Analysis & Synthesis Source Files Read
  6. Analysis & Synthesis Resource Usage Summary
  7. Analysis & Synthesis Resource Utilization by Entity
  8. Logic Cells Representing Combinational Loops
  9. General Register Statistics
 10. Multiplexer Restructuring Statistics (Restructuring Performed)
 11. Parameter Settings for User Entity Instance: microc:camino|registro:PC
 12. Parameter Settings for User Entity Instance: microc:camino|registro_jal:reg_jal
 13. Parameter Settings for User Entity Instance: microc:camino|mux2:mux_jal
 14. Parameter Settings for User Entity Instance: microc:camino|mux2:muxPC
 15. Parameter Settings for User Entity Instance: microc:camino|mux2:muxREG
 16. Parameter Settings for User Entity Instance: microc:camino|mux2:sps
 17. Parameter Settings for User Entity Instance: microc:camino|registro_jal:port_sal0
 18. Parameter Settings for User Entity Instance: microc:camino|registro_jal:port_sal1
 19. Parameter Settings for User Entity Instance: microc:camino|registro_jal:port_sal2
 20. Parameter Settings for User Entity Instance: microc:camino|registro_jal:port_sal3
 21. Parameter Settings for User Entity Instance: microc:camino|mux4_1:EntPort
 22. Parameter Settings for User Entity Instance: microc:camino|mux2:epe
 23. Port Connectivity Checks: "microc:camino|mux4_1:EntPort"
 24. Port Connectivity Checks: "microc:camino|sum:sumadorPC"
 25. Port Connectivity Checks: "microc:camino|sum:sumadorJAL"
 26. Port Connectivity Checks: "microc:camino"
 27. Elapsed Time Per Partition
 28. Analysis & Synthesis Messages
 29. Analysis & Synthesis Suppressed Messages



----------------
; Legal Notice ;
----------------
Copyright (C) 1991-2012 Altera Corporation
Your use of Altera Corporation's design tools, logic functions 
and other software and tools, and its AMPP partner logic 
functions, and any output files from any of the foregoing 
(including device programming or simulation files), and any 
associated documentation or information are expressly subject 
to the terms and conditions of the Altera Program License 
Subscription Agreement, Altera MegaCore Function License 
Agreement, or other applicable license agreement, including, 
without limitation, that your use is for the sole purpose of 
programming logic devices manufactured by Altera and sold by 
Altera or its authorized distributors.  Please refer to the 
applicable agreement for further details.



+------------------------------------------------------------------------------------+
; Analysis & Synthesis Summary                                                       ;
+------------------------------------+-----------------------------------------------+
; Analysis & Synthesis Status        ; Successful - Fri May 12 17:51:03 2017         ;
; Quartus II 32-bit Version          ; 12.1 Build 243 01/31/2013 SP 1 SJ Web Edition ;
; Revision Name                      ; CPUdiseno                                     ;
; Top-level Entity Name              ; cpu                                           ;
; Family                             ; Cyclone II                                    ;
; Total logic elements               ; 498                                           ;
;     Total combinational functions  ; 344                                           ;
;     Dedicated logic registers      ; 180                                           ;
; Total registers                    ; 180                                           ;
; Total pins                         ; 76                                            ;
; Total virtual pins                 ; 0                                             ;
; Total memory bits                  ; 0                                             ;
; Embedded Multiplier 9-bit elements ; 0                                             ;
; Total PLLs                         ; 0                                             ;
+------------------------------------+-----------------------------------------------+


+----------------------------------------------------------------------------------------------------------------------+
; Analysis & Synthesis Settings                                                                                        ;
+----------------------------------------------------------------------------+--------------------+--------------------+
; Option                                                                     ; Setting            ; Default Value      ;
+----------------------------------------------------------------------------+--------------------+--------------------+
; Device                                                                     ; EP2C20F484C7       ;                    ;
; Top-level entity name                                                      ; cpu                ; CPUdiseno          ;
; Family name                                                                ; Cyclone II         ; Cyclone IV GX      ;
; Use smart compilation                                                      ; Off                ; Off                ;
; Enable parallel Assembler and TimeQuest Timing Analyzer during compilation ; On                 ; On                 ;
; Enable compact report table                                                ; Off                ; Off                ;
; Restructure Multiplexers                                                   ; Auto               ; Auto               ;
; Create Debugging Nodes for IP Cores                                        ; Off                ; Off                ;
; Preserve fewer node names                                                  ; On                 ; On                 ;
; Disable OpenCore Plus hardware evaluation                                  ; Off                ; Off                ;
; Verilog Version                                                            ; Verilog_2001       ; Verilog_2001       ;
; VHDL Version                                                               ; VHDL_1993          ; VHDL_1993          ;
; State Machine Processing                                                   ; Auto               ; Auto               ;
; Safe State Machine                                                         ; Off                ; Off                ;
; Extract Verilog State Machines                                             ; On                 ; On                 ;
; Extract VHDL State Machines                                                ; On                 ; On                 ;
; Ignore Verilog initial constructs                                          ; Off                ; Off                ;
; Iteration limit for constant Verilog loops                                 ; 5000               ; 5000               ;
; Iteration limit for non-constant Verilog loops                             ; 250                ; 250                ;
; Add Pass-Through Logic to Inferred RAMs                                    ; On                 ; On                 ;
; Infer RAMs from Raw Logic                                                  ; On                 ; On                 ;
; Parallel Synthesis                                                         ; On                 ; On                 ;
; DSP Block Balancing                                                        ; Auto               ; Auto               ;
; NOT Gate Push-Back                                                         ; On                 ; On                 ;
; Power-Up Don't Care                                                        ; On                 ; On                 ;
; Remove Redundant Logic Cells                                               ; Off                ; Off                ;
; Remove Duplicate Registers                                                 ; On                 ; On                 ;
; Ignore CARRY Buffers                                                       ; Off                ; Off                ;
; Ignore CASCADE Buffers                                                     ; Off                ; Off                ;
; Ignore GLOBAL Buffers                                                      ; Off                ; Off                ;
; Ignore ROW GLOBAL Buffers                                                  ; Off                ; Off                ;
; Ignore LCELL Buffers                                                       ; Off                ; Off                ;
; Ignore SOFT Buffers                                                        ; On                 ; On                 ;
; Limit AHDL Integers to 32 Bits                                             ; Off                ; Off                ;
; Optimization Technique                                                     ; Balanced           ; Balanced           ;
; Carry Chain Length                                                         ; 70                 ; 70                 ;
; Auto Carry Chains                                                          ; On                 ; On                 ;
; Auto Open-Drain Pins                                                       ; On                 ; On                 ;
; Perform WYSIWYG Primitive Resynthesis                                      ; Off                ; Off                ;
; Auto ROM Replacement                                                       ; On                 ; On                 ;
; Auto RAM Replacement                                                       ; On                 ; On                 ;
; Auto Shift Register Replacement                                            ; Auto               ; Auto               ;
; Allow Shift Register Merging across Hierarchies                            ; Auto               ; Auto               ;
; Auto Clock Enable Replacement                                              ; On                 ; On                 ;
; Strict RAM Replacement                                                     ; Off                ; Off                ;
; Allow Synchronous Control Signals                                          ; On                 ; On                 ;
; Force Use of Synchronous Clear Signals                                     ; Off                ; Off                ;
; Auto RAM to Logic Cell Conversion                                          ; Off                ; Off                ;
; Auto Resource Sharing                                                      ; Off                ; Off                ;
; Allow Any RAM Size For Recognition                                         ; Off                ; Off                ;
; Allow Any ROM Size For Recognition                                         ; Off                ; Off                ;
; Allow Any Shift Register Size For Recognition                              ; Off                ; Off                ;
; Use LogicLock Constraints during Resource Balancing                        ; On                 ; On                 ;
; Ignore translate_off and synthesis_off directives                          ; Off                ; Off                ;
; Timing-Driven Synthesis                                                    ; Off                ; Off                ;
; Report Parameter Settings                                                  ; On                 ; On                 ;
; Report Source Assignments                                                  ; On                 ; On                 ;
; Report Connectivity Checks                                                 ; On                 ; On                 ;
; Ignore Maximum Fan-Out Assignments                                         ; Off                ; Off                ;
; Synchronization Register Chain Length                                      ; 2                  ; 2                  ;
; PowerPlay Power Optimization                                               ; Normal compilation ; Normal compilation ;
; HDL message level                                                          ; Level2             ; Level2             ;
; Suppress Register Optimization Related Messages                            ; Off                ; Off                ;
; Number of Removed Registers Reported in Synthesis Report                   ; 5000               ; 5000               ;
; Number of Swept Nodes Reported in Synthesis Report                         ; 5000               ; 5000               ;
; Number of Inverted Registers Reported in Synthesis Report                  ; 100                ; 100                ;
; Clock MUX Protection                                                       ; On                 ; On                 ;
; Auto Gated Clock Conversion                                                ; Off                ; Off                ;
; Block Design Naming                                                        ; Auto               ; Auto               ;
; SDC constraint protection                                                  ; Off                ; Off                ;
; Synthesis Effort                                                           ; Auto               ; Auto               ;
; Shift Register Replacement - Allow Asynchronous Clear Signal               ; On                 ; On                 ;
; Pre-Mapping Resynthesis Optimization                                       ; Off                ; Off                ;
; Analysis & Synthesis Message Level                                         ; Medium             ; Medium             ;
; Disable Register Merging Across Hierarchies                                ; Auto               ; Auto               ;
; Resource Aware Inference For Block RAM                                     ; On                 ; On                 ;
; Synthesis Seed                                                             ; 1                  ; 1                  ;
+----------------------------------------------------------------------------+--------------------+--------------------+


Parallel compilation was disabled, but you have multiple processors available. Enable parallel compilation to reduce compilation time.
+-------------------------------------+
; Parallel Compilation                ;
+----------------------------+--------+
; Processors                 ; Number ;
+----------------------------+--------+
; Number detected on machine ; 4      ;
; Maximum allowed            ; 1      ;
+----------------------------+--------+


+----------------------------------------------------------------------------------------------------------------------------------------------------------------+
; Analysis & Synthesis Source Files Read                                                                                                                         ;
+------------------------------------------------+-----------------+------------------------+----------------------------------------------------------+---------+
; File Name with User-Entered Path               ; Used in Netlist ; File Type              ; File Name with Absolute Path                             ; Library ;
+------------------------------------------------+-----------------+------------------------+----------------------------------------------------------+---------+
; ../Descargas/EntregaFinal (Prog)/uc.v          ; yes             ; User Verilog HDL File  ; /home/alumno/Descargas/EntregaFinal (Prog)/uc.v          ;         ;
; ../Descargas/EntregaFinal (Prog)/microc.v      ; yes             ; User Verilog HDL File  ; /home/alumno/Descargas/EntregaFinal (Prog)/microc.v      ;         ;
; ../Descargas/EntregaFinal (Prog)/memprog.v     ; yes             ; User Verilog HDL File  ; /home/alumno/Descargas/EntregaFinal (Prog)/memprog.v     ;         ;
; ../Descargas/EntregaFinal (Prog)/cpu.v         ; yes             ; User Verilog HDL File  ; /home/alumno/Descargas/EntregaFinal (Prog)/cpu.v         ;         ;
; ../Descargas/EntregaFinal (Prog)/componentes.v ; yes             ; User Verilog HDL File  ; /home/alumno/Descargas/EntregaFinal (Prog)/componentes.v ;         ;
; ../Descargas/EntregaFinal (Prog)/alu.v         ; yes             ; User Verilog HDL File  ; /home/alumno/Descargas/EntregaFinal (Prog)/alu.v         ;         ;
; ../Descargas/EntregaFinal (Prog)/progfile.dat  ; yes             ; User Unspecified File  ; /home/alumno/Descargas/EntregaFinal (Prog)/progfile.dat  ;         ;
+------------------------------------------------+-----------------+------------------------+----------------------------------------------------------+---------+


+-----------------------------------------------------+
; Analysis & Synthesis Resource Usage Summary         ;
+---------------------------------------------+-------+
; Resource                                    ; Usage ;
+---------------------------------------------+-------+
; Estimated Total logic elements              ; 498   ;
;                                             ;       ;
; Total combinational functions               ; 344   ;
; Logic element usage by number of LUT inputs ;       ;
;     -- 4 input functions                    ; 291   ;
;     -- 3 input functions                    ; 31    ;
;     -- <=2 input functions                  ; 22    ;
;                                             ;       ;
; Logic elements by mode                      ;       ;
;     -- normal mode                          ; 327   ;
;     -- arithmetic mode                      ; 17    ;
;                                             ;       ;
; Total registers                             ; 180   ;
;     -- Dedicated logic registers            ; 180   ;
;     -- I/O registers                        ; 0     ;
;                                             ;       ;
; I/O pins                                    ; 76    ;
; Embedded Multiplier 9-bit elements          ; 0     ;
; Maximum fan-out                             ; 180   ;
; Total fan-out                               ; 1944  ;
; Average fan-out                             ; 3.24  ;
+---------------------------------------------+-------+


+-------------------------------------------------------------------------------------------------------------------------------------------------------------------------------------------------------+
; Analysis & Synthesis Resource Utilization by Entity                                                                                                                                                   ;
+--------------------------------+-------------------+--------------+-------------+--------------+---------+-----------+------+--------------+-------------------------------------------+--------------+
; Compilation Hierarchy Node     ; LC Combinationals ; LC Registers ; Memory Bits ; DSP Elements ; DSP 9x9 ; DSP 18x18 ; Pins ; Virtual Pins ; Full Hierarchy Name                       ; Library Name ;
+--------------------------------+-------------------+--------------+-------------+--------------+---------+-----------+------+--------------+-------------------------------------------+--------------+
; |cpu                           ; 344 (0)           ; 180 (0)      ; 0           ; 0            ; 0       ; 0         ; 76   ; 0            ; |cpu                                      ;              ;
;    |microc:camino|             ; 332 (0)           ; 180 (0)      ; 0           ; 0            ; 0       ; 0         ; 0    ; 0            ; |cpu|microc:camino                        ;              ;
;       |alu:alu0|               ; 25 (25)           ; 0 (0)        ; 0           ; 0            ; 0       ; 0         ; 0    ; 0            ; |cpu|microc:camino|alu:alu0               ;              ;
;       |dec2_4:decodificador|   ; 6 (6)             ; 0 (0)        ; 0           ; 0            ; 0       ; 0         ; 0    ; 0            ; |cpu|microc:camino|dec2_4:decodificador   ;              ;
;       |memprog:memory|         ; 45 (45)           ; 0 (0)        ; 0           ; 0            ; 0       ; 0         ; 0    ; 0            ; |cpu|microc:camino|memprog:memory         ;              ;
;       |mux2:epe|               ; 24 (24)           ; 0 (0)        ; 0           ; 0            ; 0       ; 0         ; 0    ; 0            ; |cpu|microc:camino|mux2:epe               ;              ;
;       |mux2:sps|               ; 8 (8)             ; 0 (0)        ; 0           ; 0            ; 0       ; 0         ; 0    ; 0            ; |cpu|microc:camino|mux2:sps               ;              ;
;       |regfile:banco|          ; 202 (202)         ; 128 (128)    ; 0           ; 0            ; 0       ; 0         ; 0    ; 0            ; |cpu|microc:camino|regfile:banco          ;              ;
;       |registro:PC|            ; 12 (12)           ; 10 (10)      ; 0           ; 0            ; 0       ; 0         ; 0    ; 0            ; |cpu|microc:camino|registro:PC            ;              ;
;       |registro_jal:port_sal0| ; 0 (0)             ; 8 (8)        ; 0           ; 0            ; 0       ; 0         ; 0    ; 0            ; |cpu|microc:camino|registro_jal:port_sal0 ;              ;
;       |registro_jal:port_sal1| ; 0 (0)             ; 8 (8)        ; 0           ; 0            ; 0       ; 0         ; 0    ; 0            ; |cpu|microc:camino|registro_jal:port_sal1 ;              ;
;       |registro_jal:port_sal2| ; 0 (0)             ; 8 (8)        ; 0           ; 0            ; 0       ; 0         ; 0    ; 0            ; |cpu|microc:camino|registro_jal:port_sal2 ;              ;
;       |registro_jal:port_sal3| ; 0 (0)             ; 8 (8)        ; 0           ; 0            ; 0       ; 0         ; 0    ; 0            ; |cpu|microc:camino|registro_jal:port_sal3 ;              ;
;       |registro_jal:reg_jal|   ; 0 (0)             ; 10 (10)      ; 0           ; 0            ; 0       ; 0         ; 0    ; 0            ; |cpu|microc:camino|registro_jal:reg_jal   ;              ;
;       |sum:sumadorPC|          ; 10 (10)           ; 0 (0)        ; 0           ; 0            ; 0       ; 0         ; 0    ; 0            ; |cpu|microc:camino|sum:sumadorPC          ;              ;
;    |uc:uc0|                    ; 12 (12)           ; 0 (0)        ; 0           ; 0            ; 0       ; 0         ; 0    ; 0            ; |cpu|uc:uc0                               ;              ;
+--------------------------------+-------------------+--------------+-------------+--------------+---------+-----------+------+--------------+-------------------------------------------+--------------+
Note: For table entries with two numbers listed, the numbers in parentheses indicate the number of resources of the given type used by the specific entity alone. The numbers listed outside of parentheses indicate the total resources of the given type used by the specific entity and all of its sub-entities in the hierarchy.


+------------------------------------------------------------+
; Logic Cells Representing Combinational Loops               ;
+--------------------------------------------------------+---+
; Logic Cell Name                                        ;   ;
+--------------------------------------------------------+---+
; uc:uc0|zer~0                                           ;   ;
; Number of logic cells representing combinational loops ; 1 ;
+--------------------------------------------------------+---+
Note: All cells listed above may not be present at the end of synthesis due to various synthesis optimizations.


+------------------------------------------------------+
; General Register Statistics                          ;
+----------------------------------------------+-------+
; Statistic                                    ; Value ;
+----------------------------------------------+-------+
; Total registers                              ; 180   ;
; Number of registers using Synchronous Clear  ; 0     ;
; Number of registers using Synchronous Load   ; 10    ;
; Number of registers using Asynchronous Clear ; 52    ;
; Number of registers using Asynchronous Load  ; 0     ;
; Number of registers using Clock Enable       ; 170   ;
; Number of registers using Preset             ; 0     ;
+----------------------------------------------+-------+


+---------------------------------------------------------------------------------------------------------------------------------------------------+
; Multiplexer Restructuring Statistics (Restructuring Performed)                                                                                    ;
+--------------------+-----------+---------------+----------------------+------------------------+------------+-------------------------------------+
; Multiplexer Inputs ; Bus Width ; Baseline Area ; Area if Restructured ; Saving if Restructured ; Registered ; Example Multiplexer Output          ;
+--------------------+-----------+---------------+----------------------+------------------------+------------+-------------------------------------+
; 3:1                ; 10 bits   ; 20 LEs        ; 10 LEs               ; 10 LEs                 ; Yes        ; |cpu|microc:camino|registro:PC|q[1] ;
; 4:1                ; 8 bits    ; 16 LEs        ; 16 LEs               ; 0 LEs                  ; No         ; |cpu|microc:camino|alu:alu0|Mux4    ;
; 7:1                ; 5 bits    ; 20 LEs        ; 10 LEs               ; 10 LEs                 ; No         ; |cpu|microc:camino|mux2:epe|y[5]    ;
; 7:1                ; 3 bits    ; 12 LEs        ; 9 LEs                ; 3 LEs                  ; No         ; |cpu|microc:camino|mux2:epe|y[0]    ;
+--------------------+-----------+---------------+----------------------+------------------------+------------+-------------------------------------+


+------------------------------------------------------------------------+
; Parameter Settings for User Entity Instance: microc:camino|registro:PC ;
+----------------+-------+-----------------------------------------------+
; Parameter Name ; Value ; Type                                          ;
+----------------+-------+-----------------------------------------------+
; WIDTH          ; 10    ; Signed Integer                                ;
+----------------+-------+-----------------------------------------------+
Note: In order to hide this table in the UI and the text report file, please set the "Show Parameter Settings in Synthesis Report" option in "Analysis and Synthesis Settings -> More Settings" to "Off".


+---------------------------------------------------------------------------------+
; Parameter Settings for User Entity Instance: microc:camino|registro_jal:reg_jal ;
+----------------+-------+--------------------------------------------------------+
; Parameter Name ; Value ; Type                                                   ;
+----------------+-------+--------------------------------------------------------+
; WIDTH          ; 10    ; Signed Integer                                         ;
+----------------+-------+--------------------------------------------------------+
Note: In order to hide this table in the UI and the text report file, please set the "Show Parameter Settings in Synthesis Report" option in "Analysis and Synthesis Settings -> More Settings" to "Off".


+-------------------------------------------------------------------------+
; Parameter Settings for User Entity Instance: microc:camino|mux2:mux_jal ;
+----------------+-------+------------------------------------------------+
; Parameter Name ; Value ; Type                                           ;
+----------------+-------+------------------------------------------------+
; WIDTH          ; 10    ; Signed Integer                                 ;
+----------------+-------+------------------------------------------------+
Note: In order to hide this table in the UI and the text report file, please set the "Show Parameter Settings in Synthesis Report" option in "Analysis and Synthesis Settings -> More Settings" to "Off".


+-----------------------------------------------------------------------+
; Parameter Settings for User Entity Instance: microc:camino|mux2:muxPC ;
+----------------+-------+----------------------------------------------+
; Parameter Name ; Value ; Type                                         ;
+----------------+-------+----------------------------------------------+
; WIDTH          ; 10    ; Signed Integer                               ;
+----------------+-------+----------------------------------------------+
Note: In order to hide this table in the UI and the text report file, please set the "Show Parameter Settings in Synthesis Report" option in "Analysis and Synthesis Settings -> More Settings" to "Off".


+------------------------------------------------------------------------+
; Parameter Settings for User Entity Instance: microc:camino|mux2:muxREG ;
+----------------+-------+-----------------------------------------------+
; Parameter Name ; Value ; Type                                          ;
+----------------+-------+-----------------------------------------------+
; WIDTH          ; 8     ; Signed Integer                                ;
+----------------+-------+-----------------------------------------------+
Note: In order to hide this table in the UI and the text report file, please set the "Show Parameter Settings in Synthesis Report" option in "Analysis and Synthesis Settings -> More Settings" to "Off".


+---------------------------------------------------------------------+
; Parameter Settings for User Entity Instance: microc:camino|mux2:sps ;
+----------------+-------+--------------------------------------------+
; Parameter Name ; Value ; Type                                       ;
+----------------+-------+--------------------------------------------+
; WIDTH          ; 8     ; Signed Integer                             ;
+----------------+-------+--------------------------------------------+
Note: In order to hide this table in the UI and the text report file, please set the "Show Parameter Settings in Synthesis Report" option in "Analysis and Synthesis Settings -> More Settings" to "Off".


+-----------------------------------------------------------------------------------+
; Parameter Settings for User Entity Instance: microc:camino|registro_jal:port_sal0 ;
+----------------+-------+----------------------------------------------------------+
; Parameter Name ; Value ; Type                                                     ;
+----------------+-------+----------------------------------------------------------+
; WIDTH          ; 8     ; Signed Integer                                           ;
+----------------+-------+----------------------------------------------------------+
Note: In order to hide this table in the UI and the text report file, please set the "Show Parameter Settings in Synthesis Report" option in "Analysis and Synthesis Settings -> More Settings" to "Off".


+-----------------------------------------------------------------------------------+
; Parameter Settings for User Entity Instance: microc:camino|registro_jal:port_sal1 ;
+----------------+-------+----------------------------------------------------------+
; Parameter Name ; Value ; Type                                                     ;
+----------------+-------+----------------------------------------------------------+
; WIDTH          ; 8     ; Signed Integer                                           ;
+----------------+-------+----------------------------------------------------------+
Note: In order to hide this table in the UI and the text report file, please set the "Show Parameter Settings in Synthesis Report" option in "Analysis and Synthesis Settings -> More Settings" to "Off".


+-----------------------------------------------------------------------------------+
; Parameter Settings for User Entity Instance: microc:camino|registro_jal:port_sal2 ;
+----------------+-------+----------------------------------------------------------+
; Parameter Name ; Value ; Type                                                     ;
+----------------+-------+----------------------------------------------------------+
; WIDTH          ; 8     ; Signed Integer                                           ;
+----------------+-------+----------------------------------------------------------+
Note: In order to hide this table in the UI and the text report file, please set the "Show Parameter Settings in Synthesis Report" option in "Analysis and Synthesis Settings -> More Settings" to "Off".


+-----------------------------------------------------------------------------------+
; Parameter Settings for User Entity Instance: microc:camino|registro_jal:port_sal3 ;
+----------------+-------+----------------------------------------------------------+
; Parameter Name ; Value ; Type                                                     ;
+----------------+-------+----------------------------------------------------------+
; WIDTH          ; 8     ; Signed Integer                                           ;
+----------------+-------+----------------------------------------------------------+
Note: In order to hide this table in the UI and the text report file, please set the "Show Parameter Settings in Synthesis Report" option in "Analysis and Synthesis Settings -> More Settings" to "Off".


+---------------------------------------------------------------------------+
; Parameter Settings for User Entity Instance: microc:camino|mux4_1:EntPort ;
+----------------+-------+--------------------------------------------------+
; Parameter Name ; Value ; Type                                             ;
+----------------+-------+--------------------------------------------------+
; WIDTH          ; 8     ; Signed Integer                                   ;
+----------------+-------+--------------------------------------------------+
Note: In order to hide this table in the UI and the text report file, please set the "Show Parameter Settings in Synthesis Report" option in "Analysis and Synthesis Settings -> More Settings" to "Off".


+---------------------------------------------------------------------+
; Parameter Settings for User Entity Instance: microc:camino|mux2:epe ;
+----------------+-------+--------------------------------------------+
; Parameter Name ; Value ; Type                                       ;
+----------------+-------+--------------------------------------------+
; WIDTH          ; 8     ; Signed Integer                             ;
+----------------+-------+--------------------------------------------+
Note: In order to hide this table in the UI and the text report file, please set the "Show Parameter Settings in Synthesis Report" option in "Analysis and Synthesis Settings -> More Settings" to "Off".


+----------------------------------------------------------------------------------------------------------------------------------------------------------------------+
; Port Connectivity Checks: "microc:camino|mux4_1:EntPort"                                                                                                             ;
+------+-------+----------+--------------------------------------------------------------------------------------------------------------------------------------------+
; Port ; Type  ; Severity ; Details                                                                                                                                    ;
+------+-------+----------+--------------------------------------------------------------------------------------------------------------------------------------------+
; e1   ; Input ; Warning  ; Input port expression (3 bits) is smaller than the input port (8 bits) it drives.  Extra input bit(s) "e1[7..3]" will be connected to GND. ;
+------+-------+----------+--------------------------------------------------------------------------------------------------------------------------------------------+


+---------------------------------------------------------+
; Port Connectivity Checks: "microc:camino|sum:sumadorPC" ;
+---------+-------+----------+----------------------------+
; Port    ; Type  ; Severity ; Details                    ;
+---------+-------+----------+----------------------------+
; b[9..1] ; Input ; Info     ; Stuck at GND               ;
; b[0]    ; Input ; Info     ; Stuck at VCC               ;
+---------+-------+----------+----------------------------+


+----------------------------------------------------------+
; Port Connectivity Checks: "microc:camino|sum:sumadorJAL" ;
+---------+-------+----------+-----------------------------+
; Port    ; Type  ; Severity ; Details                     ;
+---------+-------+----------+-----------------------------+
; b[9..1] ; Input ; Info     ; Stuck at GND                ;
; b[0]    ; Input ; Info     ; Stuck at VCC                ;
+---------+-------+----------+-----------------------------+


+------------------------------------------------------------------------------------------------------------------------------------------------------------------------------------------------------------+
; Port Connectivity Checks: "microc:camino"                                                                                                                                                                  ;
+------+-------+----------+----------------------------------------------------------------------------------------------------------------------------------------------------------------------------------+
; Port ; Type  ; Severity ; Details                                                                                                                                                                          ;
+------+-------+----------+----------------------------------------------------------------------------------------------------------------------------------------------------------------------------------+
; Pe1  ; Input ; Warning  ; Input port expression (8 bits) is wider than the input port (3 bits) it drives.  The 5 most-significant bit(s) in the expression will be dangling if they have no other fanouts. ;
+------+-------+----------+----------------------------------------------------------------------------------------------------------------------------------------------------------------------------------+


+-------------------------------+
; Elapsed Time Per Partition    ;
+----------------+--------------+
; Partition Name ; Elapsed Time ;
+----------------+--------------+
; Top            ; 00:00:01     ;
+----------------+--------------+


+-------------------------------+
; Analysis & Synthesis Messages ;
+-------------------------------+
Info: *******************************************************************
Info: Running Quartus II 32-bit Analysis & Synthesis
    Info: Version 12.1 Build 243 01/31/2013 Service Pack 1 SJ Web Edition
    Info: Processing started: Fri May 12 17:51:00 2017
Info: Command: quartus_map --read_settings_files=on --write_settings_files=off CPUdiseno -c CPUdiseno
Warning (20028): Parallel compilation is not licensed and has been disabled
Info (12021): Found 1 design units, including 1 entities, in source file /home/alumno/Descargas/EntregaFinal (Prog)/uc.v
    Info (12023): Found entity 1: uc
Info (12021): Found 1 design units, including 1 entities, in source file /home/alumno/Descargas/EntregaFinal (Prog)/microc.v
    Info (12023): Found entity 1: microc
Info (12021): Found 1 design units, including 1 entities, in source file /home/alumno/Descargas/EntregaFinal (Prog)/memprog.v
    Info (12023): Found entity 1: memprog
Info (12021): Found 1 design units, including 1 entities, in source file /home/alumno/Descargas/EntregaFinal (Prog)/cpu.v
    Info (12023): Found entity 1: cpu
Info (12021): Found 7 design units, including 7 entities, in source file /home/alumno/Descargas/EntregaFinal (Prog)/componentes.v
    Info (12023): Found entity 1: regfile
    Info (12023): Found entity 2: mux4_1
    Info (12023): Found entity 3: dec2_4
    Info (12023): Found entity 4: sum
    Info (12023): Found entity 5: registro
    Info (12023): Found entity 6: mux2
    Info (12023): Found entity 7: registro_jal
Info (12021): Found 1 design units, including 1 entities, in source file /home/alumno/Descargas/EntregaFinal (Prog)/alu.v
    Info (12023): Found entity 1: alu
Info (12127): Elaborating entity "cpu" for the top level hierarchy
Info (12128): Elaborating entity "microc" for hierarchy "microc:camino"
Warning (10036): Verilog HDL or VHDL warning at microc.v(9): object "Pe1_modify" assigned a value but never read
Info (12128): Elaborating entity "registro" for hierarchy "microc:camino|registro:PC"
Info (12128): Elaborating entity "registro_jal" for hierarchy "microc:camino|registro_jal:reg_jal"
Info (12128): Elaborating entity "sum" for hierarchy "microc:camino|sum:sumadorJAL"
Info (12128): Elaborating entity "mux2" for hierarchy "microc:camino|mux2:mux_jal"
Info (12128): Elaborating entity "memprog" for hierarchy "microc:camino|memprog:memory"
Warning (10850): Verilog HDL warning at memprog.v(9): number of words (24) in memory file does not match the number of elements in the address range [0:1023]
Warning (10030): Net "mem.data_a" at memprog.v(4) has no driver or initial value, using a default initial value '0'
Warning (10030): Net "mem.waddr_a" at memprog.v(4) has no driver or initial value, using a default initial value '0'
Warning (10030): Net "mem.we_a" at memprog.v(4) has no driver or initial value, using a default initial value '0'
Info (12128): Elaborating entity "regfile" for hierarchy "microc:camino|regfile:banco"
Info (12128): Elaborating entity "alu" for hierarchy "microc:camino|alu:alu0"
Info (12128): Elaborating entity "mux2" for hierarchy "microc:camino|mux2:muxREG"
Info (12128): Elaborating entity "dec2_4" for hierarchy "microc:camino|dec2_4:decodificador"
Info (12128): Elaborating entity "registro_jal" for hierarchy "microc:camino|registro_jal:port_sal0"
Info (12128): Elaborating entity "mux4_1" for hierarchy "microc:camino|mux4_1:EntPort"
Info (12128): Elaborating entity "uc" for hierarchy "uc:uc0"
Info (276014): Found 1 instances of uninferred RAM logic
    Info (276007): RAM logic "microc:camino|regfile:banco|regb" is uninferred due to asynchronous read logic
Warning (127007): Memory Initialization File or Hexadecimal (Intel-Format) File "/home/alumno/DisenoProcesador/db/CPUdiseno.ram0_memprog_5f24dd89.hdl.mif" contains "don't care" values -- overwriting them with 0s
Warning (12241): 2 hierarchies have connectivity warnings - see the Connectivity Checks report folder
Info (144001): Generated suppressed messages file /home/alumno/DisenoProcesador/output_files/CPUdiseno.map.smsg
Info (16010): Generating hard_block partition "hard_block:auto_generated_inst"
    Info (16011): Adding 0 node(s), including 0 DDIO, 0 PLL, 0 transceiver and 0 LCELL
Warning (21074): Design contains 13 input pin(s) that do not drive logic
    Warning (15610): No output dependent on input pin "Pe1[3]"
    Warning (15610): No output dependent on input pin "Pe1[4]"
    Warning (15610): No output dependent on input pin "Pe1[5]"
    Warning (15610): No output dependent on input pin "Pe1[6]"
    Warning (15610): No output dependent on input pin "Pe1[7]"
    Warning (15610): No output dependent on input pin "Pe2[0]"
    Warning (15610): No output dependent on input pin "Pe2[1]"
    Warning (15610): No output dependent on input pin "Pe2[2]"
    Warning (15610): No output dependent on input pin "Pe2[3]"
    Warning (15610): No output dependent on input pin "Pe2[4]"
    Warning (15610): No output dependent on input pin "Pe2[5]"
    Warning (15610): No output dependent on input pin "Pe2[6]"
    Warning (15610): No output dependent on input pin "Pe2[7]"
Info (21057): Implemented 590 device resources after synthesis - the final resource count might be different
    Info (21058): Implemented 34 input pins
    Info (21059): Implemented 42 output pins
    Info (21061): Implemented 514 logic cells
Info: Quartus II 32-bit Analysis & Synthesis was successful. 0 errors, 22 warnings
    Info: Peak virtual memory: 328 megabytes
    Info: Processing ended: Fri May 12 17:51:03 2017
    Info: Elapsed time: 00:00:03
    Info: Total CPU time (on all processors): 00:00:03


+------------------------------------------+
; Analysis & Synthesis Suppressed Messages ;
+------------------------------------------+
The suppressed messages can be found in /home/alumno/DisenoProcesador/output_files/CPUdiseno.map.smsg.


