#! /usr/bin/vvp
:ivl_version "0.9.7 " "(v0_9_7)";
:vpi_time_precision - 11;
:vpi_module "system";
:vpi_module "v2005_math";
:vpi_module "va_math";
S_0x89a2a58 .scope module, "cpu_tb" "cpu_tb" 2 5;
 .timescale -9 -11;
v0x89ee530_0 .net "PC_out", 9 0, v0x89ec7d8_0; 1 drivers
v0x89ee638_0 .var "Pe0", 7 0;
v0x89ee688_0 .var "Pe1", 7 0;
v0x89ee6d8_0 .var "Pe2", 7 0;
v0x89ee728_0 .var "Pe3", 7 0;
v0x89ee778_0 .var "clk", 0 0;
v0x89ee7c8_0 .net "ps0", 7 0, v0x89e9fb0_0; 1 drivers
v0x89ee818_0 .net "ps1", 7 0, v0x89e9cc8_0; 1 drivers
v0x89ee868_0 .net "ps2", 7 0, v0x89e99d8_0; 1 drivers
v0x89ee8b8_0 .net "ps3", 7 0, v0x89e9738_0; 1 drivers
v0x89ee908_0 .var "reset", 0 0;
S_0x899d898 .scope module, "cpu_monociclo" "cpu" 2 49, 3 1, S_0x89a2a58;
 .timescale -9 -11;
v0x89edbe8_0 .alias "PC_out", 9 0, v0x89ee530_0;
v0x89edc38_0 .net "Pe0", 7 0, v0x89ee638_0; 1 drivers
v0x89edcc0_0 .net "Pe1", 7 0, v0x89ee688_0; 1 drivers
v0x89edd48_0 .net "Pe2", 7 0, v0x89ee6d8_0; 1 drivers
v0x89eddd0_0 .net "Pe3", 7 0, v0x89ee728_0; 1 drivers
v0x89ede58_0 .net "clk", 0 0, v0x89ee778_0; 1 drivers
v0x89edea8_0 .net "dec_enable", 0 0, v0x89e8440_0; 1 drivers
v0x89edef8_0 .net "enable_jal", 0 0, v0x89e84a0_0; 1 drivers
v0x89edf48_0 .net "op", 2 0, L_0x89f09c8; 1 drivers
v0x89edf98_0 .net "opcode", 5 0, L_0x89ef810; 1 drivers
v0x89ee020_0 .alias "ps0", 7 0, v0x89ee7c8_0;
v0x89ee0a8_0 .alias "ps1", 7 0, v0x89ee818_0;
v0x89ee168_0 .alias "ps2", 7 0, v0x89ee868_0;
v0x89ee1f0_0 .alias "ps3", 7 0, v0x89ee8b8_0;
v0x89ee240_0 .net "reset", 0 0, v0x89ee908_0; 1 drivers
v0x89ea050_0 .net "s_epe", 0 0, v0x89e8648_0; 1 drivers
v0x89ee3a0_0 .net "s_inc", 0 0, v0x89e86a8_0; 1 drivers
v0x89ee3f0_0 .net "s_inm", 0 0, v0x89e8730_0; 1 drivers
v0x89ee490_0 .net "s_jal", 0 0, v0x89e8790_0; 1 drivers
v0x89ee4e0_0 .net "s_sps", 0 0, v0x89e8820_0; 1 drivers
v0x89ee440_0 .net "we3", 0 0, v0x89e8880_0; 1 drivers
v0x89ee588_0 .net "z", 0 0, L_0x89e9a78; 1 drivers
S_0x89e8a18 .scope module, "camino" "microc" 3 8, 4 1, S_0x899d898;
 .timescale -9 -11;
v0x89ec878_0 .net "PC_in", 9 0, L_0x89eeb18; 1 drivers
v0x89ec8c8_0 .alias "PC_out", 9 0, v0x89ee530_0;
v0x89ec980_0 .alias "Pe0", 7 0, v0x89edc38_0;
v0x89ec9d0_0 .alias "Pe1", 7 0, v0x89edcc0_0;
v0x89eca40_0 .alias "Pe2", 7 0, v0x89edd48_0;
v0x89ecab0_0 .alias "Pe3", 7 0, v0x89eddd0_0;
v0x89ecb40_0 .net "alu_out", 7 0, v0x89eae98_0; 1 drivers
v0x89ecb90_0 .alias "clk", 0 0, v0x89ede58_0;
v0x89ecc08_0 .alias "dec_enable", 0 0, v0x89edea8_0;
v0x89ecc90_0 .alias "enable_jal", 0 0, v0x89edef8_0;
v0x89ecd18_0 .net "jal_out", 9 0, v0x89ec500_0; 1 drivers
v0x89ecda0_0 .net "jal_toPC", 9 0, L_0x89ee9a8; 1 drivers
v0x89ece60_0 .net "jalsum_out", 9 0, L_0x89ee958; 1 drivers
v0x89ecee8_0 .net "mem_out", 15 0, L_0x89e88d0; 1 drivers
v0x89ecf38_0 .alias "op", 2 0, v0x89edf48_0;
v0x89ecf88_0 .alias "opcode", 5 0, v0x89edf98_0;
v0x89ed020_0 .alias "ps0", 7 0, v0x89ee7c8_0;
v0x89ed070_0 .alias "ps1", 7 0, v0x89ee818_0;
v0x89ed110_0 .alias "ps2", 7 0, v0x89ee868_0;
v0x89ed160_0 .alias "ps3", 7 0, v0x89ee8b8_0;
v0x89ed0c0_0 .net "rd1_out", 7 0, L_0x89eefd8; 1 drivers
v0x89ed208_0 .net "rd2_out", 7 0, L_0x89ef340; 1 drivers
v0x89ed1b0_0 .alias "reset", 0 0, v0x89ee240_0;
v0x89ed2b8_0 .alias "s_epe", 0 0, v0x89ea050_0;
v0x89ed370_0 .alias "s_inc", 0 0, v0x89ee3a0_0;
v0x89ed3f8_0 .alias "s_inm", 0 0, v0x89ee3f0_0;
v0x89ed4b8_0 .alias "s_jal", 0 0, v0x89ee490_0;
v0x89ed540_0 .alias "s_sps", 0 0, v0x89ee4e0_0;
v0x89ed608_0 .net "sal_epe", 7 0, L_0x89f0840; 1 drivers
v0x89ed658_0 .net "sal_mux4", 7 0, L_0x89f06d8; 1 drivers
v0x89ed728_0 .net "sal_sps", 7 0, L_0x89ef4e0; 1 drivers
v0x89ed778_0 .net "saldec0", 0 0, L_0x89efaf8; 1 drivers
v0x89ed6a8_0 .net "saldec1", 0 0, L_0x89efcb0; 1 drivers
v0x89ed888_0 .net "saldec2", 0 0, L_0x89efdf0; 1 drivers
v0x89ed800_0 .net "saldec3", 0 0, L_0x89efc78; 1 drivers
v0x89ed9a0_0 .net "sum_out", 9 0, L_0x89eeac8; 1 drivers
v0x89ed910_0 .net "wd3", 7 0, L_0x89ef708; 1 drivers
v0x89edac0_0 .alias "we3", 0 0, v0x89ee440_0;
v0x89eda28_0 .alias "z", 0 0, v0x89ee588_0;
L_0x89eeca0 .part L_0x89e88d0, 6, 10;
L_0x89ef490 .part L_0x89e88d0, 4, 4;
L_0x89ef548 .part L_0x89e88d0, 8, 4;
L_0x89ef598 .part L_0x89e88d0, 12, 4;
L_0x89ef7c0 .part L_0x89e88d0, 4, 8;
L_0x89ef810 .part L_0x89e88d0, 0, 6;
L_0x89ef990 .part L_0x89e88d0, 8, 8;
L_0x89effd0 .part L_0x89e88d0, 6, 1;
L_0x89f0020 .part L_0x89e88d0, 7, 1;
L_0x89f07f0 .part L_0x89e88d0, 6, 2;
S_0x89ec5c0 .scope module, "PC" "registro" 4 13, 5 42, S_0x89e8a18;
 .timescale -9 -11;
P_0x89ec644 .param/l "WIDTH" 5 42, +C4<01010>;
v0x89ec6a0_0 .alias "clk", 0 0, v0x89ede58_0;
v0x89e9e98_0 .alias "d", 9 0, v0x89ecda0_0;
v0x89ec7d8_0 .var "q", 9 0;
v0x89ec828_0 .alias "reset", 0 0, v0x89ee240_0;
S_0x89ec320 .scope module, "reg_jal" "registro_jal" 4 14, 5 53, S_0x89e8a18;
 .timescale -9 -11;
P_0x89ec3a4 .param/l "WIDTH" 5 53, +C4<01010>;
v0x89ec400_0 .alias "clk", 0 0, v0x89ede58_0;
v0x89ec460_0 .alias "d", 9 0, v0x89ee530_0;
v0x89ec4b0_0 .alias "enable", 0 0, v0x89edef8_0;
v0x89ec500_0 .var "q", 9 0;
v0x89ec570_0 .alias "reset", 0 0, v0x89ee240_0;
S_0x89ec170 .scope module, "sumadorJAL" "sum" 4 15, 5 37, S_0x89e8a18;
 .timescale -9 -11;
v0x89ec1f0_0 .alias "a", 9 0, v0x89ecd18_0;
v0x89ec250_0 .net "b", 9 0, C4<0000000001>; 1 drivers
v0x89ec2b0_0 .alias "y", 9 0, v0x89ece60_0;
L_0x89ee958 .arith/sum 10, v0x89ec500_0, C4<0000000001>;
S_0x89ebf00 .scope module, "mux_jal" "mux2" 4 16, 5 49, S_0x89e8a18;
 .timescale -9 -11;
P_0x89ebf84 .param/l "WIDTH" 5 49, +C4<01010>;
v0x89ebfe0_0 .alias "d0", 9 0, v0x89ec878_0;
v0x89ec060_0 .alias "d1", 9 0, v0x89ece60_0;
v0x89ec0b0_0 .alias "s", 0 0, v0x89ee490_0;
v0x89ec120_0 .alias "y", 9 0, v0x89ecda0_0;
L_0x89ee9a8 .functor MUXZ 10, L_0x89eeb18, L_0x89ee958, v0x89e8790_0, C4<>;
S_0x89ebd50 .scope module, "sumadorPC" "sum" 4 17, 5 37, S_0x89e8a18;
 .timescale -9 -11;
v0x89ebdd0_0 .alias "a", 9 0, v0x89ee530_0;
v0x89ebe40_0 .net "b", 9 0, C4<0000000001>; 1 drivers
v0x89ebe90_0 .alias "y", 9 0, v0x89ed9a0_0;
L_0x89eeac8 .arith/sum 10, v0x89ec7d8_0, C4<0000000001>;
S_0x89ebb10 .scope module, "muxPC" "mux2" 4 18, 5 49, S_0x89e8a18;
 .timescale -9 -11;
P_0x89ebb94 .param/l "WIDTH" 5 49, +C4<01010>;
v0x89ebbc0_0 .net "d0", 9 0, L_0x89eeca0; 1 drivers
v0x89ebc30_0 .alias "d1", 9 0, v0x89ed9a0_0;
v0x89ebc90_0 .alias "s", 0 0, v0x89ee3a0_0;
v0x89ebd00_0 .alias "y", 9 0, v0x89ec878_0;
L_0x89eeb18 .functor MUXZ 10, L_0x89eeca0, L_0x89eeac8, v0x89e86a8_0, C4<>;
S_0x89eb900 .scope module, "memory" "memprog" 4 22, 6 3, S_0x89e8a18;
 .timescale -9 -11;
L_0x89e88d0 .functor BUFZ 16, L_0x89eecf0, C4<0000000000000000>, C4<0000000000000000>, C4<0000000000000000>;
v0x89eb980_0 .net *"_s0", 15 0, L_0x89eecf0; 1 drivers
v0x89eb9d0_0 .alias "a", 9 0, v0x89ee530_0;
v0x89eba20_0 .alias "clk", 0 0, v0x89ede58_0;
v0x89eba70 .array "mem", 1023 0, 15 0;
v0x89ebac0_0 .alias "rd", 15 0, v0x89ecee8_0;
L_0x89eecf0 .array/port v0x89eba70, v0x89ec7d8_0;
S_0x89eafe8 .scope module, "banco" "regfile" 4 26, 5 4, S_0x89e8a18;
 .timescale -9 -11;
v0x89eb088_0 .net *"_s0", 4 0, L_0x89ec918; 1 drivers
v0x89eb0d8_0 .net *"_s10", 7 0, C4<00000000>; 1 drivers
v0x89eb138_0 .net *"_s14", 4 0, L_0x89ef0d0; 1 drivers
v0x89eb198_0 .net *"_s17", 0 0, C4<0>; 1 drivers
v0x89eb1e8_0 .net *"_s18", 4 0, C4<00000>; 1 drivers
v0x89eb248_0 .net *"_s20", 0 0, L_0x89ef1a8; 1 drivers
v0x89eb2c8_0 .net *"_s22", 7 0, L_0x89ef268; 1 drivers
v0x89eb328_0 .net *"_s24", 7 0, C4<00000000>; 1 drivers
v0x89eb3b0_0 .net *"_s3", 0 0, C4<0>; 1 drivers
v0x89eb410_0 .net *"_s4", 4 0, C4<00000>; 1 drivers
v0x89eb470_0 .net *"_s6", 0 0, L_0x89eee68; 1 drivers
v0x89eb4d0_0 .net *"_s8", 7 0, L_0x89eef28; 1 drivers
v0x89eb530_0 .alias "clk", 0 0, v0x89ede58_0;
v0x89eb580_0 .net "ra1", 3 0, L_0x89ef490; 1 drivers
v0x89eb620_0 .net "ra2", 3 0, L_0x89ef548; 1 drivers
v0x89eb680_0 .alias "rd1", 7 0, v0x89ed0c0_0;
v0x89eb718_0 .alias "rd2", 7 0, v0x89ed208_0;
v0x89eb768 .array "regb", 15 0, 7 0;
v0x89eb808_0 .net "wa3", 3 0, L_0x89ef598; 1 drivers
v0x89eb858_0 .alias "wd3", 7 0, v0x89ed608_0;
v0x89eb7b8_0 .alias "we3", 0 0, v0x89ee440_0;
E_0x89eb068 .event posedge, v0x89b16a8_0;
L_0x89ec918 .concat [ 4 1 0 0], L_0x89ef490, C4<0>;
L_0x89eee68 .cmp/ne 5, L_0x89ec918, C4<00000>;
L_0x89eef28 .array/port v0x89eb768, L_0x89ef490;
L_0x89eefd8 .functor MUXZ 8, C4<00000000>, L_0x89eef28, L_0x89eee68, C4<>;
L_0x89ef0d0 .concat [ 4 1 0 0], L_0x89ef548, C4<0>;
L_0x89ef1a8 .cmp/ne 5, L_0x89ef0d0, C4<00000>;
L_0x89ef268 .array/port v0x89eb768, L_0x89ef548;
L_0x89ef340 .functor MUXZ 8, C4<00000000>, L_0x89ef268, L_0x89ef1a8, C4<>;
S_0x89eac40 .scope module, "alu0" "alu" 4 27, 7 1, S_0x89e8a18;
 .timescale -9 -11;
L_0x89e9a78 .functor NOT 1, L_0x89ef5e8, C4<0>, C4<0>, C4<0>;
v0x89eace0_0 .net *"_s3", 0 0, L_0x89ef5e8; 1 drivers
v0x89ead40_0 .alias "a", 7 0, v0x89ed0c0_0;
v0x89eada0_0 .alias "b", 7 0, v0x89ed208_0;
v0x89eae10_0 .alias "op", 2 0, v0x89edf48_0;
v0x89eae98_0 .var "s", 7 0;
v0x89eaee8_0 .alias "y", 7 0, v0x89ecb40_0;
v0x89eaf78_0 .alias "zero", 0 0, v0x89ee588_0;
E_0x89eacc0 .event edge, v0x89e8500_0, v0x89ea838_0, v0x89ead40_0;
L_0x89ef5e8 .reduce/or v0x89eae98_0;
S_0x89ea9c0 .scope module, "muxREG" "mux2" 4 28, 5 49, S_0x89e8a18;
 .timescale -9 -11;
P_0x89eaa44 .param/l "WIDTH" 5 49, +C4<01000>;
v0x89eaaa0_0 .alias "d0", 7 0, v0x89ecb40_0;
v0x89eab00_0 .net "d1", 7 0, L_0x89ef7c0; 1 drivers
v0x89eab60_0 .alias "s", 0 0, v0x89ee3f0_0;
v0x89eabd0_0 .alias "y", 7 0, v0x89ed910_0;
L_0x89ef708 .functor MUXZ 8, v0x89eae98_0, L_0x89ef7c0, v0x89e8730_0, C4<>;
S_0x89ea748 .scope module, "sps" "mux2" 4 36, 5 49, S_0x89e8a18;
 .timescale -9 -11;
P_0x89ea7cc .param/l "WIDTH" 5 49, +C4<01000>;
v0x89ea7e8_0 .net "d0", 7 0, L_0x89ef990; 1 drivers
v0x89ea838_0 .alias "d1", 7 0, v0x89ed208_0;
v0x89ea898_0 .alias "s", 0 0, v0x89ee4e0_0;
v0x89ea908_0 .alias "y", 7 0, v0x89ed728_0;
L_0x89ef4e0 .functor MUXZ 8, L_0x89ef990, L_0x89ef340, v0x89e8820_0, C4<>;
S_0x89ea0b8 .scope module, "decodificador" "dec2_4" 4 37, 5 29, S_0x89e8a18;
 .timescale -9 -11;
L_0x89ef9e0 .functor NOT 1, L_0x89effd0, C4<0>, C4<0>, C4<0>;
L_0x89efa18 .functor NOT 1, L_0x89f0020, C4<0>, C4<0>, C4<0>;
L_0x89efa50 .functor AND 1, L_0x89ef9e0, L_0x89efa18, C4<1>, C4<1>;
L_0x89efaf8 .functor AND 1, L_0x89efa50, v0x89e8440_0, C4<1>, C4<1>;
L_0x89ecc58 .functor NOT 1, L_0x89effd0, C4<0>, C4<0>, C4<0>;
L_0x89efc08 .functor AND 1, L_0x89ecc58, L_0x89f0020, C4<1>, C4<1>;
L_0x89efcb0 .functor AND 1, L_0x89efc08, v0x89e8440_0, C4<1>, C4<1>;
L_0x89efd20 .functor NOT 1, L_0x89f0020, C4<0>, C4<0>, C4<0>;
L_0x89efd80 .functor AND 1, L_0x89effd0, L_0x89efd20, C4<1>, C4<1>;
L_0x89efdf0 .functor AND 1, L_0x89efd80, v0x89e8440_0, C4<1>, C4<1>;
L_0x89efe90 .functor AND 1, L_0x89effd0, L_0x89f0020, C4<1>, C4<1>;
L_0x89efc78 .functor AND 1, L_0x89efe90, v0x89e8440_0, C4<1>, C4<1>;
v0x89ea138_0 .net *"_s0", 0 0, L_0x89ef9e0; 1 drivers
v0x89ea1a8_0 .net *"_s10", 0 0, L_0x89efc08; 1 drivers
v0x89ea208_0 .net *"_s14", 0 0, L_0x89efd20; 1 drivers
v0x89ea268_0 .net *"_s16", 0 0, L_0x89efd80; 1 drivers
v0x89ea2d0_0 .net *"_s2", 0 0, L_0x89efa18; 1 drivers
v0x89ea330_0 .net *"_s20", 0 0, L_0x89efe90; 1 drivers
v0x89ea3b0_0 .net *"_s4", 0 0, L_0x89efa50; 1 drivers
v0x89ea410_0 .net *"_s8", 0 0, L_0x89ecc58; 1 drivers
v0x89ea498_0 .alias "enable", 0 0, v0x89edea8_0;
v0x89ea4e8_0 .alias "sal0", 0 0, v0x89ed778_0;
v0x89ea558_0 .alias "sal1", 0 0, v0x89ed6a8_0;
v0x89ea5c8_0 .alias "sal2", 0 0, v0x89ed888_0;
v0x89ea638_0 .alias "sal3", 0 0, v0x89ed800_0;
v0x89ea6a8_0 .net "sel0", 0 0, L_0x89effd0; 1 drivers
v0x89ea6f8_0 .net "sel1", 0 0, L_0x89f0020; 1 drivers
S_0x89e9d68 .scope module, "port_sal0" "registro_jal" 4 38, 5 53, S_0x89e8a18;
 .timescale -9 -11;
P_0x89e966c .param/l "WIDTH" 5 53, +C4<01000>;
v0x89e9e38_0 .alias "clk", 0 0, v0x89ede58_0;
v0x89e9f00_0 .alias "d", 7 0, v0x89ed728_0;
v0x89e9f50_0 .alias "enable", 0 0, v0x89ed778_0;
v0x89e9fb0_0 .var "q", 7 0;
v0x89ea000_0 .alias "reset", 0 0, v0x89ee240_0;
S_0x89e9ab0 .scope module, "port_sal1" "registro_jal" 4 39, 5 53, S_0x89e8a18;
 .timescale -9 -11;
P_0x89e97dc .param/l "WIDTH" 5 53, +C4<01000>;
v0x89e9b80_0 .alias "clk", 0 0, v0x89ede58_0;
v0x89e9be0_0 .alias "d", 7 0, v0x89ed728_0;
v0x89e9c68_0 .alias "enable", 0 0, v0x89ed6a8_0;
v0x89e9cc8_0 .var "q", 7 0;
v0x89e9d18_0 .alias "reset", 0 0, v0x89ee240_0;
S_0x89e97f8 .scope module, "port_sal2" "registro_jal" 4 40, 5 53, S_0x89e8a18;
 .timescale -9 -11;
P_0x89e987c .param/l "WIDTH" 5 53, +C4<01000>;
v0x89e98d8_0 .alias "clk", 0 0, v0x89ede58_0;
v0x89e9938_0 .alias "d", 7 0, v0x89ed728_0;
v0x89e9988_0 .alias "enable", 0 0, v0x89ed888_0;
v0x89e99d8_0 .var "q", 7 0;
v0x89e9a28_0 .alias "reset", 0 0, v0x89ee240_0;
S_0x89e9558 .scope module, "port_sal3" "registro_jal" 4 41, 5 53, S_0x89e8a18;
 .timescale -9 -11;
P_0x89e9414 .param/l "WIDTH" 5 53, +C4<01000>;
v0x89e9608_0 .alias "clk", 0 0, v0x89ede58_0;
v0x89e9688_0 .alias "d", 7 0, v0x89ed728_0;
v0x89e96d8_0 .alias "enable", 0 0, v0x89ed800_0;
v0x89e9738_0 .var "q", 7 0;
v0x89e9788_0 .alias "reset", 0 0, v0x89ee240_0;
E_0x89e95d8 .event posedge, v0x89e85c8_0, v0x89b16a8_0;
S_0x89e8cb8 .scope module, "EntPort" "mux4_1" 4 44, 5 17, S_0x89e8a18;
 .timescale -9 -11;
P_0x89e8d3c .param/l "WIDTH" 5 17, +C4<01000>;
v0x89e8d98_0 .net *"_s0", 1 0, C4<00>; 1 drivers
v0x89e8e08_0 .net *"_s10", 0 0, L_0x89f0208; 1 drivers
v0x89e8e68_0 .net *"_s12", 1 0, C4<11>; 1 drivers
v0x89e8ec8_0 .net *"_s14", 0 0, L_0x89f02f0; 1 drivers
v0x89e8f18_0 .net *"_s16", 7 0, C4<00000000>; 1 drivers
v0x89e8f78_0 .net *"_s18", 7 0, L_0x89f03d0; 1 drivers
v0x89e8ff8_0 .net *"_s2", 0 0, L_0x89f0098; 1 drivers
v0x89e9058_0 .net *"_s20", 7 0, L_0x89f04f8; 1 drivers
v0x89e90e0_0 .net *"_s22", 7 0, L_0x89f05e8; 1 drivers
v0x89e9140_0 .net *"_s4", 1 0, C4<01>; 1 drivers
v0x89e91a0_0 .net *"_s6", 0 0, L_0x89f0148; 1 drivers
v0x89e9200_0 .net *"_s8", 1 0, C4<10>; 1 drivers
v0x89e9260_0 .alias "e0", 7 0, v0x89edc38_0;
v0x89e92c0_0 .alias "e1", 7 0, v0x89edcc0_0;
v0x89e9360_0 .alias "e2", 7 0, v0x89edd48_0;
v0x89e93c0_0 .alias "e3", 7 0, v0x89eddd0_0;
v0x89e9468_0 .alias "salida", 7 0, v0x89ed658_0;
v0x89e94b8_0 .net "sel", 1 0, L_0x89f07f0; 1 drivers
L_0x89f0098 .cmp/eq 2, L_0x89f07f0, C4<00>;
L_0x89f0148 .cmp/eq 2, L_0x89f07f0, C4<01>;
L_0x89f0208 .cmp/eq 2, L_0x89f07f0, C4<10>;
L_0x89f02f0 .cmp/eq 2, L_0x89f07f0, C4<11>;
L_0x89f03d0 .functor MUXZ 8, C4<00000000>, v0x89ee728_0, L_0x89f02f0, C4<>;
L_0x89f04f8 .functor MUXZ 8, L_0x89f03d0, v0x89ee6d8_0, L_0x89f0208, C4<>;
L_0x89f05e8 .functor MUXZ 8, L_0x89f04f8, v0x89ee688_0, L_0x89f0148, C4<>;
L_0x89f06d8 .functor MUXZ 8, L_0x89f05e8, v0x89ee638_0, L_0x89f0098, C4<>;
S_0x89e8a98 .scope module, "epe" "mux2" 4 45, 5 49, S_0x89e8a18;
 .timescale -9 -11;
P_0x89e861c .param/l "WIDTH" 5 49, +C4<01000>;
v0x89e8b28_0 .alias "d0", 7 0, v0x89ed910_0;
v0x89e8b98_0 .alias "d1", 7 0, v0x89ed658_0;
v0x89e8bf8_0 .alias "s", 0 0, v0x89ea050_0;
v0x89e8c68_0 .alias "y", 7 0, v0x89ed608_0;
L_0x89f0840 .functor MUXZ 8, L_0x89ef708, L_0x89f06d8, v0x89e8648_0, C4<>;
S_0x899de40 .scope module, "uc0" "uc" 3 9, 8 1, S_0x899d898;
 .timescale -9 -11;
v0x89b16a8_0 .alias "clk", 0 0, v0x89ede58_0;
v0x89e8440_0 .var "dec_enable", 0 0;
v0x89e84a0_0 .var "enable_jal", 0 0;
v0x89e8500_0 .alias "op", 2 0, v0x89edf48_0;
v0x89e8568_0 .alias "opcode", 5 0, v0x89edf98_0;
v0x89e85c8_0 .alias "reset", 0 0, v0x89ee240_0;
v0x89e8648_0 .var "s_epe", 0 0;
v0x89e86a8_0 .var "s_inc", 0 0;
v0x89e8730_0 .var "s_inm", 0 0;
v0x89e8790_0 .var "s_jal", 0 0;
v0x89e8820_0 .var "s_sps", 0 0;
v0x89e8880_0 .var "we3", 0 0;
v0x89e8918_0 .alias "z", 0 0, v0x89ee588_0;
v0x89e8978_0 .var "zer", 0 0;
E_0x899fb18 .event edge, v0x89e85c8_0, v0x89e8568_0, v0x89e8978_0;
E_0x89b7c00 .event edge, v0x89e8918_0, v0x89e8568_0, v0x89e8978_0;
L_0x89f09c8 .part L_0x89ef810, 0, 3;
    .scope S_0x89ec5c0;
T_0 ;
    %wait E_0x89e95d8;
    %load/v 8, v0x89ec828_0, 1;
    %jmp/0xz  T_0.0, 8;
    %ix/load 0, 10, 0;
    %assign/v0 v0x89ec7d8_0, 0, 0;
    %jmp T_0.1;
T_0.0 ;
    %load/v 8, v0x89e9e98_0, 10;
    %ix/load 0, 10, 0;
    %assign/v0 v0x89ec7d8_0, 0, 8;
T_0.1 ;
    %jmp T_0;
    .thread T_0;
    .scope S_0x89ec320;
T_1 ;
    %wait E_0x89e95d8;
    %load/v 8, v0x89ec570_0, 1;
    %jmp/0xz  T_1.0, 8;
    %ix/load 0, 10, 0;
    %assign/v0 v0x89ec500_0, 0, 0;
    %jmp T_1.1;
T_1.0 ;
    %load/v 8, v0x89ec4b0_0, 1;
    %jmp/0xz  T_1.2, 8;
    %load/v 8, v0x89ec460_0, 10;
    %ix/load 0, 10, 0;
    %assign/v0 v0x89ec500_0, 0, 8;
T_1.2 ;
T_1.1 ;
    %jmp T_1;
    .thread T_1;
    .scope S_0x89eb900;
T_2 ;
    %vpi_call 6 9 "$readmemb", "progfile.dat", v0x89eba70;
    %end;
    .thread T_2;
    .scope S_0x89eafe8;
T_3 ;
    %wait E_0x89eb068;
    %load/v 8, v0x89eb7b8_0, 1;
    %jmp/0xz  T_3.0, 8;
    %load/v 8, v0x89eb858_0, 8;
    %ix/getv 3, v0x89eb808_0;
    %jmp/1 t_0, 4;
    %ix/load 0, 8, 0; word width
    %ix/load 1, 0, 0; part off
    %assign/av v0x89eb768, 0, 8;
t_0 ;
T_3.0 ;
    %jmp T_3;
    .thread T_3;
    .scope S_0x89eac40;
T_4 ;
    %wait E_0x89eacc0;
    %load/v 8, v0x89eae10_0, 3;
    %cmpi/u 8, 0, 3;
    %jmp/1 T_4.0, 6;
    %cmpi/u 8, 1, 3;
    %jmp/1 T_4.1, 6;
    %cmpi/u 8, 2, 3;
    %jmp/1 T_4.2, 6;
    %cmpi/u 8, 3, 3;
    %jmp/1 T_4.3, 6;
    %cmpi/u 8, 4, 3;
    %jmp/1 T_4.4, 6;
    %cmpi/u 8, 5, 3;
    %jmp/1 T_4.5, 6;
    %cmpi/u 8, 6, 3;
    %jmp/1 T_4.6, 6;
    %cmpi/u 8, 7, 3;
    %jmp/1 T_4.7, 6;
    %set/v v0x89eae98_0, 2, 8;
    %jmp T_4.9;
T_4.0 ;
    %load/v 8, v0x89ead40_0, 8;
    %set/v v0x89eae98_0, 8, 8;
    %jmp T_4.9;
T_4.1 ;
    %load/v 8, v0x89ead40_0, 8;
    %inv 8, 8;
    %set/v v0x89eae98_0, 8, 8;
    %jmp T_4.9;
T_4.2 ;
    %load/v 8, v0x89ead40_0, 8;
    %load/v 16, v0x89eada0_0, 8;
    %add 8, 16, 8;
    %set/v v0x89eae98_0, 8, 8;
    %jmp T_4.9;
T_4.3 ;
    %load/v 8, v0x89ead40_0, 8;
    %load/v 16, v0x89eada0_0, 8;
    %sub 8, 16, 8;
    %set/v v0x89eae98_0, 8, 8;
    %jmp T_4.9;
T_4.4 ;
    %load/v 8, v0x89ead40_0, 8;
    %load/v 16, v0x89eada0_0, 8;
    %and 8, 16, 8;
    %set/v v0x89eae98_0, 8, 8;
    %jmp T_4.9;
T_4.5 ;
    %load/v 8, v0x89ead40_0, 8;
    %load/v 16, v0x89eada0_0, 8;
    %or 8, 16, 8;
    %set/v v0x89eae98_0, 8, 8;
    %jmp T_4.9;
T_4.6 ;
    %load/v 8, v0x89ead40_0, 8;
    %inv 8, 8;
    %addi 8, 1, 8;
    %set/v v0x89eae98_0, 8, 8;
    %jmp T_4.9;
T_4.7 ;
    %load/v 8, v0x89eada0_0, 8;
    %inv 8, 8;
    %addi 8, 1, 8;
    %set/v v0x89eae98_0, 8, 8;
    %jmp T_4.9;
T_4.9 ;
    %jmp T_4;
    .thread T_4, $push;
    .scope S_0x89e9d68;
T_5 ;
    %wait E_0x89e95d8;
    %load/v 8, v0x89ea000_0, 1;
    %jmp/0xz  T_5.0, 8;
    %ix/load 0, 8, 0;
    %assign/v0 v0x89e9fb0_0, 0, 0;
    %jmp T_5.1;
T_5.0 ;
    %load/v 8, v0x89e9f50_0, 1;
    %jmp/0xz  T_5.2, 8;
    %load/v 8, v0x89e9f00_0, 8;
    %ix/load 0, 8, 0;
    %assign/v0 v0x89e9fb0_0, 0, 8;
T_5.2 ;
T_5.1 ;
    %jmp T_5;
    .thread T_5;
    .scope S_0x89e9ab0;
T_6 ;
    %wait E_0x89e95d8;
    %load/v 8, v0x89e9d18_0, 1;
    %jmp/0xz  T_6.0, 8;
    %ix/load 0, 8, 0;
    %assign/v0 v0x89e9cc8_0, 0, 0;
    %jmp T_6.1;
T_6.0 ;
    %load/v 8, v0x89e9c68_0, 1;
    %jmp/0xz  T_6.2, 8;
    %load/v 8, v0x89e9be0_0, 8;
    %ix/load 0, 8, 0;
    %assign/v0 v0x89e9cc8_0, 0, 8;
T_6.2 ;
T_6.1 ;
    %jmp T_6;
    .thread T_6;
    .scope S_0x89e97f8;
T_7 ;
    %wait E_0x89e95d8;
    %load/v 8, v0x89e9a28_0, 1;
    %jmp/0xz  T_7.0, 8;
    %ix/load 0, 8, 0;
    %assign/v0 v0x89e99d8_0, 0, 0;
    %jmp T_7.1;
T_7.0 ;
    %load/v 8, v0x89e9988_0, 1;
    %jmp/0xz  T_7.2, 8;
    %load/v 8, v0x89e9938_0, 8;
    %ix/load 0, 8, 0;
    %assign/v0 v0x89e99d8_0, 0, 8;
T_7.2 ;
T_7.1 ;
    %jmp T_7;
    .thread T_7;
    .scope S_0x89e9558;
T_8 ;
    %wait E_0x89e95d8;
    %load/v 8, v0x89e9788_0, 1;
    %jmp/0xz  T_8.0, 8;
    %ix/load 0, 8, 0;
    %assign/v0 v0x89e9738_0, 0, 0;
    %jmp T_8.1;
T_8.0 ;
    %load/v 8, v0x89e96d8_0, 1;
    %jmp/0xz  T_8.2, 8;
    %load/v 8, v0x89e9688_0, 8;
    %ix/load 0, 8, 0;
    %assign/v0 v0x89e9738_0, 0, 8;
T_8.2 ;
T_8.1 ;
    %jmp T_8;
    .thread T_8;
    .scope S_0x899de40;
T_9 ;
    %wait E_0x89b7c00;
    %load/v 8, v0x89e8918_0, 1;
    %ix/load 1, 3, 0;
    %mov 4, 0, 1;
    %jmp/1 T_9.0, 4;
    %load/x1p 9, v0x89e8568_0, 1;
    %jmp T_9.1;
T_9.0 ;
    %mov 9, 2, 1;
T_9.1 ;
; Save base=9 wid=1 in lookaside.
    %cmpi/u 9, 0, 1;
    %mov 9, 4, 1;
    %and 8, 9, 1;
    %jmp/0xz  T_9.2, 8;
    %set/v v0x89e8978_0, 1, 1;
    %jmp T_9.3;
T_9.2 ;
    %load/v 8, v0x89e8918_0, 1;
    %inv 8, 1;
    %ix/load 1, 3, 0;
    %mov 4, 0, 1;
    %jmp/1 T_9.4, 4;
    %load/x1p 9, v0x89e8568_0, 1;
    %jmp T_9.5;
T_9.4 ;
    %mov 9, 2, 1;
T_9.5 ;
; Save base=9 wid=1 in lookaside.
    %cmpi/u 9, 0, 1;
    %mov 9, 4, 1;
    %and 8, 9, 1;
    %jmp/0xz  T_9.6, 8;
    %set/v v0x89e8978_0, 0, 1;
    %jmp T_9.7;
T_9.6 ;
    %load/v 8, v0x89e8978_0, 1;
    %jmp/0xz  T_9.8, 8;
    %set/v v0x89e8978_0, 1, 1;
    %jmp T_9.9;
T_9.8 ;
    %set/v v0x89e8978_0, 0, 1;
T_9.9 ;
T_9.7 ;
T_9.3 ;
    %jmp T_9;
    .thread T_9, $push;
    .scope S_0x899de40;
T_10 ;
    %wait E_0x899fb18;
    %load/v 8, v0x89e85c8_0, 1;
    %jmp/0xz  T_10.0, 8;
    %ix/load 0, 1, 0;
    %assign/v0 v0x89e8648_0, 0, 0;
    %ix/load 0, 1, 0;
    %assign/v0 v0x89e8820_0, 0, 0;
    %ix/load 0, 1, 0;
    %assign/v0 v0x89e8440_0, 0, 0;
    %ix/load 0, 1, 0;
    %assign/v0 v0x89e8880_0, 0, 0;
    %ix/load 0, 1, 0;
    %assign/v0 v0x89e8790_0, 0, 0;
    %ix/load 0, 1, 0;
    %assign/v0 v0x89e8730_0, 0, 0;
    %ix/load 0, 1, 0;
    %assign/v0 v0x89e86a8_0, 0, 1;
    %ix/load 0, 1, 0;
    %assign/v0 v0x89e84a0_0, 0, 0;
    %jmp T_10.1;
T_10.0 ;
    %load/v 8, v0x89e8568_0, 6;
    %mov 14, 2, 3;
    %movi 17, 0, 1;
    %mov 18, 2, 2;
    %cmp/x 8, 14, 6;
    %jmp/1 T_10.2, 4;
    %movi 20, 8, 4;
    %mov 24, 2, 2;
    %cmp/x 8, 20, 6;
    %jmp/1 T_10.3, 4;
    %movi 26, 9, 6;
    %cmp/x 8, 26, 6;
    %jmp/1 T_10.4, 4;
    %movi 26, 41, 6;
    %cmp/x 8, 26, 6;
    %jmp/1 T_10.5, 4;
    %movi 26, 25, 6;
    %cmp/x 8, 26, 6;
    %jmp/1 T_10.6, 4;
    %movi 26, 57, 6;
    %cmp/x 8, 26, 6;
    %jmp/1 T_10.7, 4;
    %movi 26, 10, 6;
    %cmp/x 8, 26, 6;
    %jmp/1 T_10.8, 4;
    %movi 26, 26, 6;
    %cmp/x 8, 26, 6;
    %jmp/1 T_10.9, 4;
    %movi 26, 42, 6;
    %cmp/x 8, 26, 6;
    %jmp/1 T_10.10, 4;
    %movi 26, 58, 6;
    %cmp/x 8, 26, 6;
    %jmp/1 T_10.11, 4;
    %cmp/x 8, 1, 6;
    %jmp/1 T_10.12, 4;
    %ix/load 0, 1, 0;
    %assign/v0 v0x89e8648_0, 0, 0;
    %ix/load 0, 1, 0;
    %assign/v0 v0x89e8820_0, 0, 0;
    %ix/load 0, 1, 0;
    %assign/v0 v0x89e8440_0, 0, 0;
    %ix/load 0, 1, 0;
    %assign/v0 v0x89e8880_0, 0, 0;
    %ix/load 0, 1, 0;
    %assign/v0 v0x89e8730_0, 0, 0;
    %ix/load 0, 1, 0;
    %assign/v0 v0x89e86a8_0, 0, 1;
    %ix/load 0, 1, 0;
    %assign/v0 v0x89e8790_0, 0, 0;
    %ix/load 0, 1, 0;
    %assign/v0 v0x89e84a0_0, 0, 0;
    %jmp T_10.14;
T_10.2 ;
    %ix/load 0, 1, 0;
    %assign/v0 v0x89e8820_0, 0, 0;
    %ix/load 0, 1, 0;
    %assign/v0 v0x89e8440_0, 0, 0;
    %ix/load 0, 1, 0;
    %assign/v0 v0x89e8880_0, 0, 1;
    %ix/load 0, 1, 0;
    %assign/v0 v0x89e8790_0, 0, 0;
    %ix/load 0, 1, 0;
    %assign/v0 v0x89e8648_0, 0, 0;
    %ix/load 0, 1, 0;
    %assign/v0 v0x89e86a8_0, 0, 1;
    %ix/load 0, 1, 0;
    %assign/v0 v0x89e8730_0, 0, 0;
    %ix/load 0, 1, 0;
    %assign/v0 v0x89e84a0_0, 0, 0;
    %jmp T_10.14;
T_10.3 ;
    %ix/load 0, 1, 0;
    %assign/v0 v0x89e8820_0, 0, 0;
    %ix/load 0, 1, 0;
    %assign/v0 v0x89e8440_0, 0, 0;
    %ix/load 0, 1, 0;
    %assign/v0 v0x89e8880_0, 0, 1;
    %ix/load 0, 1, 0;
    %assign/v0 v0x89e8648_0, 0, 0;
    %ix/load 0, 1, 0;
    %assign/v0 v0x89e8790_0, 0, 0;
    %ix/load 0, 1, 0;
    %assign/v0 v0x89e86a8_0, 0, 1;
    %ix/load 0, 1, 0;
    %assign/v0 v0x89e8730_0, 0, 1;
    %ix/load 0, 1, 0;
    %assign/v0 v0x89e84a0_0, 0, 0;
    %jmp T_10.14;
T_10.4 ;
    %ix/load 0, 1, 0;
    %assign/v0 v0x89e8648_0, 0, 0;
    %ix/load 0, 1, 0;
    %assign/v0 v0x89e8820_0, 0, 0;
    %ix/load 0, 1, 0;
    %assign/v0 v0x89e8440_0, 0, 0;
    %ix/load 0, 1, 0;
    %assign/v0 v0x89e8880_0, 0, 0;
    %ix/load 0, 1, 0;
    %assign/v0 v0x89e8790_0, 0, 0;
    %ix/load 0, 1, 0;
    %assign/v0 v0x89e84a0_0, 0, 0;
    %ix/load 0, 1, 0;
    %assign/v0 v0x89e86a8_0, 0, 0;
    %ix/load 0, 1, 0;
    %assign/v0 v0x89e8730_0, 0, 0;
    %jmp T_10.14;
T_10.5 ;
    %ix/load 0, 1, 0;
    %assign/v0 v0x89e8648_0, 0, 0;
    %ix/load 0, 1, 0;
    %assign/v0 v0x89e8820_0, 0, 0;
    %ix/load 0, 1, 0;
    %assign/v0 v0x89e8440_0, 0, 0;
    %ix/load 0, 1, 0;
    %assign/v0 v0x89e8880_0, 0, 0;
    %ix/load 0, 1, 0;
    %assign/v0 v0x89e8730_0, 0, 0;
    %ix/load 0, 1, 0;
    %assign/v0 v0x89e8790_0, 0, 0;
    %ix/load 0, 1, 0;
    %assign/v0 v0x89e84a0_0, 0, 0;
    %load/v 8, v0x89e8978_0, 1;
    %jmp/0xz  T_10.15, 8;
    %ix/load 0, 1, 0;
    %assign/v0 v0x89e86a8_0, 0, 0;
    %jmp T_10.16;
T_10.15 ;
    %ix/load 0, 1, 0;
    %assign/v0 v0x89e86a8_0, 0, 1;
T_10.16 ;
    %jmp T_10.14;
T_10.6 ;
    %ix/load 0, 1, 0;
    %assign/v0 v0x89e8648_0, 0, 0;
    %ix/load 0, 1, 0;
    %assign/v0 v0x89e8820_0, 0, 0;
    %ix/load 0, 1, 0;
    %assign/v0 v0x89e8440_0, 0, 0;
    %ix/load 0, 1, 0;
    %assign/v0 v0x89e8880_0, 0, 0;
    %ix/load 0, 1, 0;
    %assign/v0 v0x89e8730_0, 0, 0;
    %ix/load 0, 1, 0;
    %assign/v0 v0x89e8790_0, 0, 0;
    %ix/load 0, 1, 0;
    %assign/v0 v0x89e84a0_0, 0, 0;
    %load/v 8, v0x89e8978_0, 1;
    %cmpi/u 8, 0, 1;
    %jmp/0xz  T_10.17, 4;
    %ix/load 0, 1, 0;
    %assign/v0 v0x89e86a8_0, 0, 0;
    %jmp T_10.18;
T_10.17 ;
    %ix/load 0, 1, 0;
    %assign/v0 v0x89e86a8_0, 0, 1;
T_10.18 ;
    %jmp T_10.14;
T_10.7 ;
    %ix/load 0, 1, 0;
    %assign/v0 v0x89e8648_0, 0, 0;
    %ix/load 0, 1, 0;
    %assign/v0 v0x89e8820_0, 0, 0;
    %ix/load 0, 1, 0;
    %assign/v0 v0x89e8440_0, 0, 0;
    %ix/load 0, 1, 0;
    %assign/v0 v0x89e8790_0, 0, 0;
    %ix/load 0, 1, 0;
    %assign/v0 v0x89e8880_0, 0, 0;
    %ix/load 0, 1, 0;
    %assign/v0 v0x89e8730_0, 0, 0;
    %ix/load 0, 1, 0;
    %assign/v0 v0x89e84a0_0, 0, 1;
    %ix/load 0, 1, 0;
    %assign/v0 v0x89e86a8_0, 0, 0;
    %jmp T_10.14;
T_10.8 ;
    %ix/load 0, 1, 0;
    %assign/v0 v0x89e8648_0, 0, 0;
    %ix/load 0, 1, 0;
    %assign/v0 v0x89e8820_0, 0, 0;
    %ix/load 0, 1, 0;
    %assign/v0 v0x89e8730_0, 0, 0;
    %ix/load 0, 1, 0;
    %assign/v0 v0x89e86a8_0, 0, 0;
    %ix/load 0, 1, 0;
    %assign/v0 v0x89e8790_0, 0, 1;
    %ix/load 0, 1, 0;
    %assign/v0 v0x89e8880_0, 0, 0;
    %ix/load 0, 1, 0;
    %assign/v0 v0x89e84a0_0, 0, 0;
    %ix/load 0, 1, 0;
    %assign/v0 v0x89e8440_0, 0, 0;
    %jmp T_10.14;
T_10.9 ;
    %ix/load 0, 1, 0;
    %assign/v0 v0x89e8648_0, 0, 0;
    %ix/load 0, 1, 0;
    %assign/v0 v0x89e8820_0, 0, 1;
    %ix/load 0, 1, 0;
    %assign/v0 v0x89e8440_0, 0, 1;
    %ix/load 0, 1, 0;
    %assign/v0 v0x89e8880_0, 0, 0;
    %ix/load 0, 1, 0;
    %assign/v0 v0x89e8790_0, 0, 0;
    %ix/load 0, 1, 0;
    %assign/v0 v0x89e86a8_0, 0, 1;
    %ix/load 0, 1, 0;
    %assign/v0 v0x89e8730_0, 0, 0;
    %ix/load 0, 1, 0;
    %assign/v0 v0x89e84a0_0, 0, 0;
    %jmp T_10.14;
T_10.10 ;
    %ix/load 0, 1, 0;
    %assign/v0 v0x89e8648_0, 0, 0;
    %ix/load 0, 1, 0;
    %assign/v0 v0x89e8820_0, 0, 0;
    %ix/load 0, 1, 0;
    %assign/v0 v0x89e8440_0, 0, 1;
    %ix/load 0, 1, 0;
    %assign/v0 v0x89e8880_0, 0, 0;
    %ix/load 0, 1, 0;
    %assign/v0 v0x89e8730_0, 0, 0;
    %ix/load 0, 1, 0;
    %assign/v0 v0x89e8790_0, 0, 0;
    %ix/load 0, 1, 0;
    %assign/v0 v0x89e86a8_0, 0, 1;
    %ix/load 0, 1, 0;
    %assign/v0 v0x89e84a0_0, 0, 0;
    %jmp T_10.14;
T_10.11 ;
    %ix/load 0, 1, 0;
    %assign/v0 v0x89e8820_0, 0, 0;
    %ix/load 0, 1, 0;
    %assign/v0 v0x89e8440_0, 0, 0;
    %ix/load 0, 1, 0;
    %assign/v0 v0x89e8648_0, 0, 1;
    %ix/load 0, 1, 0;
    %assign/v0 v0x89e8880_0, 0, 1;
    %ix/load 0, 1, 0;
    %assign/v0 v0x89e86a8_0, 0, 1;
    %ix/load 0, 1, 0;
    %assign/v0 v0x89e8790_0, 0, 0;
    %ix/load 0, 1, 0;
    %assign/v0 v0x89e8730_0, 0, 0;
    %ix/load 0, 1, 0;
    %assign/v0 v0x89e84a0_0, 0, 0;
    %jmp T_10.14;
T_10.12 ;
    %ix/load 0, 1, 0;
    %assign/v0 v0x89e8648_0, 0, 0;
    %ix/load 0, 1, 0;
    %assign/v0 v0x89e8820_0, 0, 0;
    %ix/load 0, 1, 0;
    %assign/v0 v0x89e8440_0, 0, 0;
    %ix/load 0, 1, 0;
    %assign/v0 v0x89e8880_0, 0, 0;
    %ix/load 0, 1, 0;
    %assign/v0 v0x89e8730_0, 0, 0;
    %ix/load 0, 1, 0;
    %assign/v0 v0x89e86a8_0, 0, 1;
    %ix/load 0, 1, 0;
    %assign/v0 v0x89e8790_0, 0, 0;
    %ix/load 0, 1, 0;
    %assign/v0 v0x89e84a0_0, 0, 0;
    %jmp T_10.14;
T_10.14 ;
T_10.1 ;
    %jmp T_10;
    .thread T_10, $push;
    .scope S_0x89a2a58;
T_11 ;
    %set/v v0x89ee778_0, 1, 1;
    %delay 1000, 0;
    %set/v v0x89ee778_0, 0, 1;
    %delay 1000, 0;
    %jmp T_11;
    .thread T_11;
    .scope S_0x89a2a58;
T_12 ;
    %vpi_call 2 22 "$monitor", "time=%0d, clk=%b, reset=%b", $time, v0x89ee778_0, v0x89ee908_0;
    %vpi_call 2 24 "$dumpfile", "cpu_tb.vcd";
    %vpi_call 2 25 "$dumpvars";
    %movi 8, 6, 8;
    %set/v v0x89ee638_0, 8, 8;
    %movi 8, 2, 8;
    %set/v v0x89ee688_0, 8, 8;
    %set/v v0x89ee908_0, 1, 1;
    %delay 500, 0;
    %set/v v0x89ee908_0, 0, 1;
    %delay 29900, 0;
    %set/v v0x89ee688_0, 0, 8;
    %delay 29900, 0;
    %movi 8, 2, 8;
    %set/v v0x89ee688_0, 8, 8;
    %delay 200000, 0;
    %movi 8, 8, 8;
    %set/v v0x89ee638_0, 8, 8;
    %delay 29900, 0;
    %movi 8, 4, 8;
    %set/v v0x89ee688_0, 8, 8;
    %delay 29900, 0;
    %movi 8, 2, 8;
    %set/v v0x89ee688_0, 8, 8;
    %delay 200000, 0;
    %vpi_call 2 46 "$finish";
    %end;
    .thread T_12;
# The file index is used to find the file name in the following table.
:file_names 9;
    "N/A";
    "<interactive>";
    "cpu_tb.v";
    "cpu.v";
    "microc.v";
    "componentes.v";
    "memprog.v";
    "alu.v";
    "uc.v";
